<?xml version="1.0" encoding="UTF-8"?>
<testsuite name="zoo.ZooTests" tests="6" skipped="0" failures="0" errors="0" timestamp="2025-10-11T16:52:44.255Z" hostname="olozavr-Lenovo-YOGA-730-13IWL" time="1.393">
  <properties/>
  <testcase name="shouldRejectUnhealthyAnimal()" classname="zoo.ZooTests" time="1.351"/>
  <testcase name="shouldAcceptHealthyAnimal()" classname="zoo.ZooTests" time="0.004"/>
  <testcase name="removeAnimalByNumber_RemovesOnlyAnimal()" classname="zoo.ZooTests" time="0.004"/>
  <testcase name="removeThingByNumber_RemovesOnlyThing()" classname="zoo.ZooTests" time="0.004"/>
  <testcase name="addingThingAddsToInventory()" classname="zoo.ZooTests" time="0.01"/>
  <testcase name="totalFoodIsSumOfAliveItemsAndIgnoresThings()" classname="zoo.ZooTests" time="0.009"/>
  <system-out><![CDATA[]]></system-out>
  <system-err><![CDATA[WARNING: A Java agent has been loaded dynamically (/home/olozavr/.gradle/caches/modules-2/files-2.1/net.bytebuddy/byte-buddy-agent/1.14.4/3bf5ac1104554908cc623e40e58a00be37c35f36/byte-buddy-agent-1.14.4.jar)
WARNING: If a serviceability tool is in use, please run with -XX:+EnableDynamicAgentLoading to hide this warning
WARNING: If a serviceability tool is not in use, please run with -Djdk.instrument.traceUsage for more information
WARNING: Dynamic loading of agents will be disallowed by default in a future release
]]></system-err>
</testsuite>
